#
# There is insufficient memory for the Java Runtime Environment to continue.
# Native memory allocation (malloc) failed to allocate 673376 bytes. Error detail: Chunk::new
# Possible reasons:
#   The system is out of physical RAM or swap space
#   This process is running with CompressedOops enabled, and the Java Heap may be blocking the growth of the native heap
# Possible solutions:
#   Reduce memory load on the system
#   Increase physical memory or swap space
#   Check if swap backing store is full
#   Decrease Java heap size (-Xmx/-Xms)
#   Decrease number of Java threads
#   Decrease Java thread stack sizes (-Xss)
#   Set larger code cache with -XX:ReservedCodeCacheSize=
#   JVM is running with Unscaled Compressed Oops mode in which the Java heap is
#     placed in the first 4GB address space. The Java Heap base address is the
#     maximum limit for the native heap growth. Please use -XX:HeapBaseMinAddress
#     to set the Java Heap base and to place the Java Heap above 4GB virtual address.
# This output file may be truncated or incomplete.
#
#  Out of Memory Error (arena.cpp:168), pid=12224, tid=13400
#
# JRE version: OpenJDK Runtime Environment (21.0.7) (build 21.0.7+-13880790-b1038.58)
# Java VM: OpenJDK 64-Bit Server VM (21.0.7+-13880790-b1038.58, mixed mode, tiered, compressed oops, compressed class ptrs, g1 gc, windows-amd64)
# No core dump will be written. Minidumps are not enabled by default on client versions of Windows
#

---------------  S U M M A R Y ------------

Command Line: --add-opens=java.base/java.lang=ALL-UNNAMED --add-opens=java.base/java.lang.invoke=ALL-UNNAMED --add-opens=java.base/java.util=ALL-UNNAMED --add-opens=java.prefs/java.util.prefs=ALL-UNNAMED --add-exports=jdk.compiler/com.sun.tools.javac.api=ALL-UNNAMED --add-exports=jdk.compiler/com.sun.tools.javac.util=ALL-UNNAMED --add-opens=java.base/java.util=ALL-UNNAMED --add-opens=java.prefs/java.util.prefs=ALL-UNNAMED --add-opens=java.base/java.nio.charset=ALL-UNNAMED --add-opens=java.base/java.net=ALL-UNNAMED --add-opens=java.base/java.util.concurrent.atomic=ALL-UNNAMED --add-opens=java.xml/javax.xml.namespace=ALL-UNNAMED -Xmx2048m -Dfile.encoding=UTF-8 -Duser.country=ZA -Duser.language=en -Duser.variant -javaagent:C:\Users\siyab\.gradle\wrapper\dists\gradle-8.13-bin\5xuhj0ry160q40clulazy9h7d\gradle-8.13\lib\agents\gradle-instrumentation-agent-8.13.jar org.gradle.launcher.daemon.bootstrap.GradleDaemon 8.13

Host: AMD Ryzen 7 5700U with Radeon Graphics         , 16 cores, 7G,  Windows 11 , 64 bit Build 26100 (10.0.26100.6725)
Time: Mon Oct 27 19:31:37 2025 South Africa Standard Time elapsed time: 12.238817 seconds (0d 0h 0m 12s)

---------------  T H R E A D  ---------------

Current thread (0x0000023e6a736fa0):  JavaThread "C2 CompilerThread0" daemon [_thread_in_native, id=13400, stack(0x0000004cc8800000,0x0000004cc8900000) (1024K)]


Current CompileTask:
C2:12238 5967       4       java.lang.invoke.InvokerBytecodeGenerator::addMethod (725 bytes)

Stack: [0x0000004cc8800000,0x0000004cc8900000]
Native frames: (J=compiled Java code, j=interpreted, Vv=VM code, C=native code)
V  [jvm.dll+0x6d25c9]
V  [jvm.dll+0x860923]
V  [jvm.dll+0x862e7e]
V  [jvm.dll+0x863563]
V  [jvm.dll+0x27f156]
V  [jvm.dll+0xc002d]
V  [jvm.dll+0xc0563]
V  [jvm.dll+0x2f31f0]
V  [jvm.dll+0x5fc309]
V  [jvm.dll+0x250f82]
V  [jvm.dll+0x25133f]
V  [jvm.dll+0x249ae5]
V  [jvm.dll+0x24733e]
V  [jvm.dll+0x1c5fb4]
V  [jvm.dll+0x256bac]
V  [jvm.dll+0x2550f6]
V  [jvm.dll+0x3f1d16]
V  [jvm.dll+0x808d08]
V  [jvm.dll+0x6d0e1d]
C  [ucrtbase.dll+0x37b0]
C  [KERNEL32.DLL+0x2e8d7]
C  [ntdll.dll+0x8c53c]


---------------  P R O C E S S  ---------------

Threads class SMR info:
_java_thread_list=0x0000023e71dffce0, length=56, elements={
0x0000023e4ffe7190, 0x0000023e6a7193f0, 0x0000023e6a7240b0, 0x0000023e6a724b10,
0x0000023e6a726120, 0x0000023e6a734d50, 0x0000023e6a7357b0, 0x0000023e6a736210,
0x0000023e6a736fa0, 0x0000023e6a73c210, 0x0000023e6a931260, 0x0000023e6a933d20,
0x0000023e6f11b400, 0x0000023e6fe96250, 0x0000023e7097c6e0, 0x0000023e708e2ab0,
0x0000023e70a986c0, 0x0000023e70ac36b0, 0x0000023e70b64fa0, 0x0000023e70b89290,
0x0000023e70bd8140, 0x0000023e70bd94f0, 0x0000023e70bd7ab0, 0x0000023e70bd9b80,
0x0000023e70bda210, 0x0000023e70bd6d90, 0x0000023e70bd7420, 0x0000023e6a92bad0,
0x0000023e70bd8e60, 0x0000023e72565410, 0x0000023e725646f0, 0x0000023e725667c0,
0x0000023e72566130, 0x0000023e72565aa0, 0x0000023e72566e50, 0x0000023e725639d0,
0x0000023e72567b70, 0x0000023e7256a960, 0x0000023e72568200, 0x0000023e725695b0,
0x0000023e72568f20, 0x0000023e72569c40, 0x0000023e7256a2d0, 0x0000023e74477260,
0x0000023e74477f80, 0x0000023e74475eb0, 0x0000023e74476540, 0x0000023e74475190,
0x0000023e74478610, 0x0000023e74475820, 0x0000023e74479330, 0x0000023e74478ca0,
0x0000023e744799c0, 0x0000023e7447a050, 0x0000023e74476bd0, 0x0000023e7447a6e0
}

Java Threads: ( => current thread )
  0x0000023e4ffe7190 JavaThread "main"                              [_thread_blocked, id=24060, stack(0x0000004cc7900000,0x0000004cc7a00000) (1024K)]
  0x0000023e6a7193f0 JavaThread "Common-Cleaner"             daemon [_thread_blocked, id=12596, stack(0x0000004cc8100000,0x0000004cc8200000) (1024K)]
  0x0000023e6a7240b0 JavaThread "Reference Handler"          daemon [_thread_blocked, id=5824, stack(0x0000004cc8200000,0x0000004cc8300000) (1024K)]
  0x0000023e6a724b10 JavaThread "Finalizer"                  daemon [_thread_blocked, id=14620, stack(0x0000004cc8300000,0x0000004cc8400000) (1024K)]
  0x0000023e6a726120 JavaThread "Signal Dispatcher"          daemon [_thread_blocked, id=24148, stack(0x0000004cc8400000,0x0000004cc8500000) (1024K)]
  0x0000023e6a734d50 JavaThread "Attach Listener"            daemon [_thread_blocked, id=8232, stack(0x0000004cc8500000,0x0000004cc8600000) (1024K)]
  0x0000023e6a7357b0 JavaThread "Service Thread"             daemon [_thread_blocked, id=10168, stack(0x0000004cc8600000,0x0000004cc8700000) (1024K)]
  0x0000023e6a736210 JavaThread "Monitor Deflation Thread"   daemon [_thread_blocked, id=8896, stack(0x0000004cc8700000,0x0000004cc8800000) (1024K)]
=>0x0000023e6a736fa0 JavaThread "C2 CompilerThread0"         daemon [_thread_in_native, id=13400, stack(0x0000004cc8800000,0x0000004cc8900000) (1024K)]
  0x0000023e6a73c210 JavaThread "C1 CompilerThread0"         daemon [_thread_blocked, id=17012, stack(0x0000004cc8900000,0x0000004cc8a00000) (1024K)]
  0x0000023e6a931260 JavaThread "C1 CompilerThread1"         daemon [_thread_blocked, id=19500, stack(0x0000004cc8a00000,0x0000004cc8b00000) (1024K)]
  0x0000023e6a933d20 JavaThread "C1 CompilerThread2"         daemon [_thread_blocked, id=13904, stack(0x0000004cc8b00000,0x0000004cc8c00000) (1024K)]
  0x0000023e6f11b400 JavaThread "Notification Thread"        daemon [_thread_blocked, id=24092, stack(0x0000004cc8c00000,0x0000004cc8d00000) (1024K)]
  0x0000023e6fe96250 JavaThread "C1 CompilerThread3"         daemon [_thread_blocked, id=13092, stack(0x0000004cc9300000,0x0000004cc9400000) (1024K)]
  0x0000023e7097c6e0 JavaThread "Daemon health stats"               [_thread_blocked, id=10400, stack(0x0000004cc9400000,0x0000004cc9500000) (1024K)]
  0x0000023e708e2ab0 JavaThread "Incoming local TCP Connector on port 55999"        [_thread_in_native, id=12988, stack(0x0000004cc9200000,0x0000004cc9300000) (1024K)]
  0x0000023e70a986c0 JavaThread "Daemon periodic checks"            [_thread_blocked, id=24524, stack(0x0000004cc9700000,0x0000004cc9800000) (1024K)]
  0x0000023e70ac36b0 JavaThread "Daemon"                            [_thread_blocked, id=8812, stack(0x0000004cc9800000,0x0000004cc9900000) (1024K)]
  0x0000023e70b64fa0 JavaThread "Handler for socket connection from /127.0.0.1:55999 to /127.0.0.1:56000"        [_thread_in_native, id=17524, stack(0x0000004cc9900000,0x0000004cc9a00000) (1024K)]
  0x0000023e70b89290 JavaThread "Cancel handler"                    [_thread_blocked, id=8696, stack(0x0000004cc9a00000,0x0000004cc9b00000) (1024K)]
  0x0000023e70bd8140 JavaThread "Daemon worker"                     [_thread_in_vm, id=16764, stack(0x0000004cc9b00000,0x0000004cc9c00000) (1024K)]
  0x0000023e70bd94f0 JavaThread "Asynchronous log dispatcher for DefaultDaemonConnection: socket connection from /127.0.0.1:55999 to /127.0.0.1:56000"        [_thread_blocked, id=17044, stack(0x0000004cc9c00000,0x0000004cc9d00000) (1024K)]
  0x0000023e70bd7ab0 JavaThread "Stdin handler"                     [_thread_blocked, id=13028, stack(0x0000004cc9d00000,0x0000004cc9e00000) (1024K)]
  0x0000023e70bd9b80 JavaThread "Daemon client event forwarder"        [_thread_blocked, id=24532, stack(0x0000004cc9e00000,0x0000004cc9f00000) (1024K)]
  0x0000023e70bda210 JavaThread "Cache worker for journal cache (C:\Users\siyab\.gradle\caches\journal-1)"        [_thread_blocked, id=12964, stack(0x0000004cc9500000,0x0000004cc9600000) (1024K)]
  0x0000023e70bd6d90 JavaThread "File lock request listener"        [_thread_in_native, id=20680, stack(0x0000004cca700000,0x0000004cca800000) (1024K)]
  0x0000023e70bd7420 JavaThread "Cache worker for file hash cache (C:\Users\siyab\.gradle\caches\8.13\fileHashes)"        [_thread_blocked, id=7128, stack(0x0000004cca800000,0x0000004cca900000) (1024K)]
  0x0000023e6a92bad0 JavaThread "C2 CompilerThread1"         daemon [_thread_in_native, id=15328, stack(0x0000004cca900000,0x0000004ccaa00000) (1024K)]
  0x0000023e70bd8e60 JavaThread "Cache worker for file hash cache (C:\Users\siyab\AndroidStudioProjects\RSA-SalonBookingApp\SalonBookingApp\.gradle\8.13\fileHashes)"        [_thread_blocked, id=18652, stack(0x0000004ccac00000,0x0000004ccad00000) (1024K)]
  0x0000023e72565410 JavaThread "Cache worker for Build Output Cleanup Cache (C:\Users\siyab\AndroidStudioProjects\RSA-SalonBookingApp\SalonBookingApp\.gradle\buildOutputCleanup)"        [_thread_blocked, id=12580, stack(0x0000004ccad00000,0x0000004ccae00000) (1024K)]
  0x0000023e725646f0 JavaThread "File watcher server"        daemon [_thread_in_native, id=10768, stack(0x0000004ccae00000,0x0000004ccaf00000) (1024K)]
  0x0000023e725667c0 JavaThread "File watcher consumer"      daemon [_thread_blocked, id=11236, stack(0x0000004ccaf00000,0x0000004ccb000000) (1024K)]
  0x0000023e72566130 JavaThread "jar transforms"                    [_thread_blocked, id=3788, stack(0x0000004ccaa00000,0x0000004ccab00000) (1024K)]
  0x0000023e72565aa0 JavaThread "jar transforms Thread 2"           [_thread_blocked, id=18692, stack(0x0000004ccab00000,0x0000004ccac00000) (1024K)]
  0x0000023e72566e50 JavaThread "Cache worker for checksums cache (C:\Users\siyab\AndroidStudioProjects\RSA-SalonBookingApp\SalonBookingApp\.gradle\8.13\checksums)"        [_thread_blocked, id=18324, stack(0x0000004ccb100000,0x0000004ccb200000) (1024K)]
  0x0000023e725639d0 JavaThread "Cache worker for file content cache (C:\Users\siyab\.gradle\caches\8.13\fileContent)"        [_thread_blocked, id=15872, stack(0x0000004ccb200000,0x0000004ccb300000) (1024K)]
  0x0000023e72567b70 JavaThread "jar transforms Thread 3"           [_thread_blocked, id=14148, stack(0x0000004ccb300000,0x0000004ccb400000) (1024K)]
  0x0000023e7256a960 JavaThread "Cache worker for cache directory md-supplier (C:\Users\siyab\.gradle\caches\8.13\md-supplier)"        [_thread_blocked, id=12120, stack(0x0000004ccb400000,0x0000004ccb500000) (1024K)]
  0x0000023e72568200 JavaThread "Cache worker for cache directory md-rule (C:\Users\siyab\.gradle\caches\8.13\md-rule)"        [_thread_blocked, id=2984, stack(0x0000004ccb500000,0x0000004ccb600000) (1024K)]
  0x0000023e725695b0 JavaThread "Unconstrained build operations"        [_thread_blocked, id=1264, stack(0x0000004ccb600000,0x0000004ccb700000) (1024K)]
  0x0000023e72568f20 JavaThread "Unconstrained build operations Thread 2"        [_thread_blocked, id=6796, stack(0x0000004ccb700000,0x0000004ccb800000) (1024K)]
  0x0000023e72569c40 JavaThread "Unconstrained build operations Thread 3"        [_thread_blocked, id=14736, stack(0x0000004ccb800000,0x0000004ccb900000) (1024K)]
  0x0000023e7256a2d0 JavaThread "Unconstrained build operations Thread 4"        [_thread_blocked, id=5780, stack(0x0000004ccb900000,0x0000004ccba00000) (1024K)]
  0x0000023e74477260 JavaThread "Unconstrained build operations Thread 5"        [_thread_blocked, id=16568, stack(0x0000004ccba00000,0x0000004ccbb00000) (1024K)]
  0x0000023e74477f80 JavaThread "Unconstrained build operations Thread 6"        [_thread_blocked, id=24280, stack(0x0000004ccbb00000,0x0000004ccbc00000) (1024K)]
  0x0000023e74475eb0 JavaThread "Unconstrained build operations Thread 7"        [_thread_blocked, id=17956, stack(0x0000004ccbc00000,0x0000004ccbd00000) (1024K)]
  0x0000023e74476540 JavaThread "Unconstrained build operations Thread 8"        [_thread_blocked, id=19728, stack(0x0000004ccbd00000,0x0000004ccbe00000) (1024K)]
  0x0000023e74475190 JavaThread "jar transforms Thread 4"           [_thread_blocked, id=15924, stack(0x0000004ccbe00000,0x0000004ccbf00000) (1024K)]
  0x0000023e74478610 JavaThread "jar transforms Thread 5"           [_thread_blocked, id=22736, stack(0x0000004ccbf00000,0x0000004ccc000000) (1024K)]
  0x0000023e74475820 JavaThread "Unconstrained build operations Thread 9"        [_thread_blocked, id=5628, stack(0x0000004ccc000000,0x0000004ccc100000) (1024K)]
  0x0000023e74479330 JavaThread "Unconstrained build operations Thread 10"        [_thread_blocked, id=12272, stack(0x0000004ccc100000,0x0000004ccc200000) (1024K)]
  0x0000023e74478ca0 JavaThread "Unconstrained build operations Thread 11"        [_thread_blocked, id=22488, stack(0x0000004ccc200000,0x0000004ccc300000) (1024K)]
  0x0000023e744799c0 JavaThread "Unconstrained build operations Thread 12"        [_thread_blocked, id=22412, stack(0x0000004ccc300000,0x0000004ccc400000) (1024K)]
  0x0000023e7447a050 JavaThread "jar transforms Thread 6"           [_thread_blocked, id=18512, stack(0x0000004ccc400000,0x0000004ccc500000) (1024K)]
  0x0000023e74476bd0 JavaThread "jar transforms Thread 7"           [_thread_blocked, id=24304, stack(0x0000004ccc500000,0x0000004ccc600000) (1024K)]
  0x0000023e7447a6e0 JavaThread "jar transforms Thread 8"           [_thread_blocked, id=8304, stack(0x0000004ccc600000,0x0000004ccc700000) (1024K)]
Total: 56

Other Threads:
  0x0000023e6a696030 VMThread "VM Thread"                           [id=15756, stack(0x0000004cc8000000,0x0000004cc8100000) (1024K)]
  0x0000023e6a4c3d90 WatcherThread "VM Periodic Task Thread"        [id=14284, stack(0x0000004cc7f00000,0x0000004cc8000000) (1024K)]
  0x0000023e500ae060 WorkerThread "GC Thread#0"                     [id=16280, stack(0x0000004cc7a00000,0x0000004cc7b00000) (1024K)]
  0x0000023e6f5f6890 WorkerThread "GC Thread#1"                     [id=14940, stack(0x0000004cc9000000,0x0000004cc9100000) (1024K)]
  0x0000023e6f26c0e0 WorkerThread "GC Thread#2"                     [id=8220, stack(0x0000004cc9100000,0x0000004cc9200000) (1024K)]
  0x0000023e7020cdb0 WorkerThread "GC Thread#3"                     [id=15560, stack(0x0000004cc8e00000,0x0000004cc8f00000) (1024K)]
  0x0000023e6fedf880 WorkerThread "GC Thread#4"                     [id=21212, stack(0x0000004cc8f00000,0x0000004cc9000000) (1024K)]
  0x0000023e7014dc60 WorkerThread "GC Thread#5"                     [id=16816, stack(0x0000004cc8d00000,0x0000004cc8e00000) (1024K)]
  0x0000023e70b10cd0 WorkerThread "GC Thread#6"                     [id=17916, stack(0x0000004cc9600000,0x0000004cc9700000) (1024K)]
  0x0000023e70b0fab0 WorkerThread "GC Thread#7"                     [id=16688, stack(0x0000004cc9f00000,0x0000004cca000000) (1024K)]
  0x0000023e70b0f370 WorkerThread "GC Thread#8"                     [id=444, stack(0x0000004cca000000,0x0000004cca100000) (1024K)]
  0x0000023e70b10930 WorkerThread "GC Thread#9"                     [id=15532, stack(0x0000004cca100000,0x0000004cca200000) (1024K)]
  0x0000023e70b10590 WorkerThread "GC Thread#10"                    [id=9980, stack(0x0000004cca200000,0x0000004cca300000) (1024K)]
  0x0000023e70b0f710 WorkerThread "GC Thread#11"                    [id=9940, stack(0x0000004cca300000,0x0000004cca400000) (1024K)]
  0x0000023e70b0fe50 WorkerThread "GC Thread#12"                    [id=22876, stack(0x0000004cca400000,0x0000004cca500000) (1024K)]
  0x0000023e523f6770 ConcurrentGCThread "G1 Main Marker"            [id=16756, stack(0x0000004cc7b00000,0x0000004cc7c00000) (1024K)]
  0x0000023e523f8e70 WorkerThread "G1 Conc#0"                       [id=22080, stack(0x0000004cc7c00000,0x0000004cc7d00000) (1024K)]
  0x0000023e70b101f0 WorkerThread "G1 Conc#1"                       [id=23576, stack(0x0000004cca500000,0x0000004cca600000) (1024K)]
  0x0000023e70a34490 WorkerThread "G1 Conc#2"                       [id=2712, stack(0x0000004cca600000,0x0000004cca700000) (1024K)]
  0x0000023e6a38b5e0 ConcurrentGCThread "G1 Refine#0"               [id=15004, stack(0x0000004cc7d00000,0x0000004cc7e00000) (1024K)]
  0x0000023e6a38bf00 ConcurrentGCThread "G1 Service"                [id=21892, stack(0x0000004cc7e00000,0x0000004cc7f00000) (1024K)]
Total: 21

Threads with active compile tasks:
C2 CompilerThread0  12282 5967       4       java.lang.invoke.InvokerBytecodeGenerator::addMethod (725 bytes)
C2 CompilerThread1  12282 5956   !   4       sun.reflect.annotation.AnnotationParser::parseAnnotations (37 bytes)
Total: 2

VM state: not at safepoint (normal execution)

VM Mutex/Monitor currently owned by a thread: None

Heap address: 0x0000000080000000, size: 2048 MB, Compressed Oops mode: 32-bit

CDS archive(s) not mapped
Compressed class space mapped at: 0x0000000100000000-0x0000000140000000, reserved size: 1073741824
Narrow klass base: 0x0000000000000000, Narrow klass shift: 3, Narrow klass range: 0x140000000

GC Precious Log:
 CardTable entry size: 512
 Card Set container configuration: InlinePtr #cards 5 size 8 Array Of Cards #cards 12 size 40 Howl #buckets 4 coarsen threshold 1843 Howl Bitmap #cards 512 size 80 coarsen threshold 460 Card regions per heap region 1 cards per card region 2048
 CPUs: 16 total, 16 available
 Memory: 7501M
 Large Page Support: Disabled
 NUMA Support: Disabled
 Compressed Oops: Enabled (32-bit)
 Heap Region Size: 1M
 Heap Min Capacity: 8M
 Heap Initial Capacity: 118M
 Heap Max Capacity: 2G
 Pre-touch: Disabled
 Parallel Workers: 13
 Concurrent Workers: 3
 Concurrent Refinement Workers: 13
 Periodic GC: Disabled

Heap:
 garbage-first heap   total 101376K, used 51001K [0x0000000080000000, 0x0000000100000000)
  region size 1024K, 10 young (10240K), 2 survivors (2048K)
 Metaspace       used 59576K, committed 61120K, reserved 1114112K
  class space    used 8136K, committed 8896K, reserved 1048576K

Heap Regions: E=young(eden), S=young(survivor), O=old, HS=humongous(starts), HC=humongous(continues), CS=collection set, F=free, TAMS=top-at-mark-start, PB=parsable bottom
|   0|0x0000000080000000, 0x0000000080100000, 0x0000000080100000|100%|HS|  |TAMS 0x0000000080000000| PB 0x0000000080000000| Complete 
|   1|0x0000000080100000, 0x0000000080200000, 0x0000000080200000|100%|HC|  |TAMS 0x0000000080100000| PB 0x0000000080100000| Complete 
|   2|0x0000000080200000, 0x0000000080300000, 0x0000000080300000|100%|HC|  |TAMS 0x0000000080200000| PB 0x0000000080200000| Complete 
|   3|0x0000000080300000, 0x0000000080400000, 0x0000000080400000|100%| O|  |TAMS 0x0000000080300000| PB 0x0000000080300000| Untracked 
|   4|0x0000000080400000, 0x0000000080500000, 0x0000000080500000|100%| O|  |TAMS 0x0000000080400000| PB 0x0000000080400000| Untracked 
|   5|0x0000000080500000, 0x0000000080600000, 0x0000000080600000|100%| O|  |TAMS 0x0000000080500000| PB 0x0000000080500000| Untracked 
|   6|0x0000000080600000, 0x0000000080700000, 0x0000000080700000|100%|HS|  |TAMS 0x0000000080600000| PB 0x0000000080600000| Complete 
|   7|0x0000000080700000, 0x0000000080800000, 0x0000000080800000|100%| O|  |TAMS 0x0000000080700000| PB 0x0000000080700000| Untracked 
|   8|0x0000000080800000, 0x0000000080900000, 0x0000000080900000|100%| O|  |TAMS 0x0000000080800000| PB 0x0000000080800000| Untracked 
|   9|0x0000000080900000, 0x0000000080a00000, 0x0000000080a00000|100%| O|  |TAMS 0x0000000080900000| PB 0x0000000080900000| Untracked 
|  10|0x0000000080a00000, 0x0000000080b00000, 0x0000000080b00000|100%| O|  |TAMS 0x0000000080a00000| PB 0x0000000080a00000| Untracked 
|  11|0x0000000080b00000, 0x0000000080c00000, 0x0000000080c00000|100%| O|  |TAMS 0x0000000080b00000| PB 0x0000000080b00000| Untracked 
|  12|0x0000000080c00000, 0x0000000080d00000, 0x0000000080d00000|100%| O|  |TAMS 0x0000000080c00000| PB 0x0000000080c00000| Untracked 
|  13|0x0000000080d00000, 0x0000000080e00000, 0x0000000080e00000|100%| O|  |TAMS 0x0000000080d00000| PB 0x0000000080d00000| Untracked 
|  14|0x0000000080e00000, 0x0000000080f00000, 0x0000000080f00000|100%| O|  |TAMS 0x0000000080e00000| PB 0x0000000080e00000| Untracked 
|  15|0x0000000080f00000, 0x0000000081000000, 0x0000000081000000|100%| O|  |TAMS 0x0000000080f00000| PB 0x0000000080f00000| Untracked 
|  16|0x0000000081000000, 0x0000000081100000, 0x0000000081100000|100%| O|  |TAMS 0x0000000081000000| PB 0x0000000081000000| Untracked 
|  17|0x0000000081100000, 0x0000000081200000, 0x0000000081200000|100%| O|Cm|TAMS 0x0000000081100000| PB 0x0000000081100000| Complete 
|  18|0x0000000081200000, 0x0000000081300000, 0x0000000081300000|100%| O|  |TAMS 0x0000000081200000| PB 0x0000000081200000| Untracked 
|  19|0x0000000081300000, 0x0000000081400000, 0x0000000081400000|100%| O|  |TAMS 0x0000000081300000| PB 0x0000000081300000| Untracked 
|  20|0x0000000081400000, 0x0000000081500000, 0x0000000081500000|100%| O|  |TAMS 0x0000000081400000| PB 0x0000000081400000| Untracked 
|  21|0x0000000081500000, 0x0000000081600000, 0x0000000081600000|100%| O|  |TAMS 0x0000000081500000| PB 0x0000000081500000| Untracked 
|  22|0x0000000081600000, 0x0000000081700000, 0x0000000081700000|100%| O|  |TAMS 0x0000000081600000| PB 0x0000000081600000| Untracked 
|  23|0x0000000081700000, 0x0000000081700000, 0x0000000081800000|  0%| F|  |TAMS 0x0000000081700000| PB 0x0000000081700000| Untracked 
|  24|0x0000000081800000, 0x0000000081800000, 0x0000000081900000|  0%| F|  |TAMS 0x0000000081800000| PB 0x0000000081800000| Untracked 
|  25|0x0000000081900000, 0x0000000081a00000, 0x0000000081a00000|100%| O|  |TAMS 0x0000000081900000| PB 0x0000000081900000| Untracked 
|  26|0x0000000081a00000, 0x0000000081b00000, 0x0000000081b00000|100%| O|  |TAMS 0x0000000081a00000| PB 0x0000000081a00000| Untracked 
|  27|0x0000000081b00000, 0x0000000081c00000, 0x0000000081c00000|100%| O|  |TAMS 0x0000000081b00000| PB 0x0000000081b00000| Untracked 
|  28|0x0000000081c00000, 0x0000000081d00000, 0x0000000081d00000|100%| O|  |TAMS 0x0000000081c00000| PB 0x0000000081c00000| Untracked 
|  29|0x0000000081d00000, 0x0000000081e00000, 0x0000000081e00000|100%| O|  |TAMS 0x0000000081d00000| PB 0x0000000081d00000| Untracked 
|  30|0x0000000081e00000, 0x0000000081f00000, 0x0000000081f00000|100%| O|  |TAMS 0x0000000081e00000| PB 0x0000000081e00000| Untracked 
|  31|0x0000000081f00000, 0x0000000082000000, 0x0000000082000000|100%| O|  |TAMS 0x0000000081f00000| PB 0x0000000081f00000| Untracked 
|  32|0x0000000082000000, 0x0000000082100000, 0x0000000082100000|100%| O|  |TAMS 0x0000000082000000| PB 0x0000000082000000| Untracked 
|  33|0x0000000082100000, 0x0000000082200000, 0x0000000082200000|100%| O|  |TAMS 0x0000000082100000| PB 0x0000000082100000| Untracked 
|  34|0x0000000082200000, 0x0000000082300000, 0x0000000082300000|100%| O|  |TAMS 0x0000000082200000| PB 0x0000000082200000| Untracked 
|  35|0x0000000082300000, 0x0000000082300000, 0x0000000082400000|  0%| F|  |TAMS 0x0000000082300000| PB 0x0000000082300000| Untracked 
|  36|0x0000000082400000, 0x0000000082400000, 0x0000000082500000|  0%| F|  |TAMS 0x0000000082400000| PB 0x0000000082400000| Untracked 
|  37|0x0000000082500000, 0x0000000082500000, 0x0000000082600000|  0%| F|  |TAMS 0x0000000082500000| PB 0x0000000082500000| Untracked 
|  38|0x0000000082600000, 0x0000000082600000, 0x0000000082700000|  0%| F|  |TAMS 0x0000000082600000| PB 0x0000000082600000| Untracked 
|  39|0x0000000082700000, 0x0000000082700000, 0x0000000082800000|  0%| F|  |TAMS 0x0000000082700000| PB 0x0000000082700000| Untracked 
|  40|0x0000000082800000, 0x0000000082800000, 0x0000000082900000|  0%| F|  |TAMS 0x0000000082800000| PB 0x0000000082800000| Untracked 
|  41|0x0000000082900000, 0x0000000082900000, 0x0000000082a00000|  0%| F|  |TAMS 0x0000000082900000| PB 0x0000000082900000| Untracked 
|  42|0x0000000082a00000, 0x0000000082adf1a0, 0x0000000082b00000| 87%| O|  |TAMS 0x0000000082a00000| PB 0x0000000082a00000| Untracked 
|  43|0x0000000082b00000, 0x0000000082b00000, 0x0000000082c00000|  0%| F|  |TAMS 0x0000000082b00000| PB 0x0000000082b00000| Untracked 
|  44|0x0000000082c00000, 0x0000000082c00000, 0x0000000082d00000|  0%| F|  |TAMS 0x0000000082c00000| PB 0x0000000082c00000| Untracked 
|  45|0x0000000082d00000, 0x0000000082d00000, 0x0000000082e00000|  0%| F|  |TAMS 0x0000000082d00000| PB 0x0000000082d00000| Untracked 
|  46|0x0000000082e00000, 0x0000000082e00000, 0x0000000082f00000|  0%| F|  |TAMS 0x0000000082e00000| PB 0x0000000082e00000| Untracked 
|  47|0x0000000082f00000, 0x0000000082f00000, 0x0000000083000000|  0%| F|  |TAMS 0x0000000082f00000| PB 0x0000000082f00000| Untracked 
|  48|0x0000000083000000, 0x0000000083000000, 0x0000000083100000|  0%| F|  |TAMS 0x0000000083000000| PB 0x0000000083000000| Untracked 
|  49|0x0000000083100000, 0x0000000083100000, 0x0000000083200000|  0%| F|  |TAMS 0x0000000083100000| PB 0x0000000083100000| Untracked 
|  50|0x0000000083200000, 0x0000000083200000, 0x0000000083300000|  0%| F|  |TAMS 0x0000000083200000| PB 0x0000000083200000| Untracked 
|  51|0x0000000083300000, 0x00000000833ef400, 0x0000000083400000| 93%| S|CS|TAMS 0x0000000083300000| PB 0x0000000083300000| Complete 
|  52|0x0000000083400000, 0x0000000083500000, 0x0000000083500000|100%| S|CS|TAMS 0x0000000083400000| PB 0x0000000083400000| Complete 
|  53|0x0000000083500000, 0x0000000083500000, 0x0000000083600000|  0%| F|  |TAMS 0x0000000083500000| PB 0x0000000083500000| Untracked 
|  54|0x0000000083600000, 0x0000000083600000, 0x0000000083700000|  0%| F|  |TAMS 0x0000000083600000| PB 0x0000000083600000| Untracked 
|  55|0x0000000083700000, 0x0000000083700000, 0x0000000083800000|  0%| F|  |TAMS 0x0000000083700000| PB 0x0000000083700000| Untracked 
|  56|0x0000000083800000, 0x0000000083800000, 0x0000000083900000|  0%| F|  |TAMS 0x0000000083800000| PB 0x0000000083800000| Untracked 
|  57|0x0000000083900000, 0x0000000083900000, 0x0000000083a00000|  0%| F|  |TAMS 0x0000000083900000| PB 0x0000000083900000| Untracked 
|  58|0x0000000083a00000, 0x0000000083a00000, 0x0000000083b00000|  0%| F|  |TAMS 0x0000000083a00000| PB 0x0000000083a00000| Untracked 
|  59|0x0000000083b00000, 0x0000000083b00000, 0x0000000083c00000|  0%| F|  |TAMS 0x0000000083b00000| PB 0x0000000083b00000| Untracked 
|  60|0x0000000083c00000, 0x0000000083c00000, 0x0000000083d00000|  0%| F|  |TAMS 0x0000000083c00000| PB 0x0000000083c00000| Untracked 
|  61|0x0000000083d00000, 0x0000000083d00000, 0x0000000083e00000|  0%| F|  |TAMS 0x0000000083d00000| PB 0x0000000083d00000| Untracked 
|  62|0x0000000083e00000, 0x0000000083e00000, 0x0000000083f00000|  0%| F|  |TAMS 0x0000000083e00000| PB 0x0000000083e00000| Untracked 
|  63|0x0000000083f00000, 0x0000000083f00000, 0x0000000084000000|  0%| F|  |TAMS 0x0000000083f00000| PB 0x0000000083f00000| Untracked 
|  64|0x0000000084000000, 0x0000000084000000, 0x0000000084100000|  0%| F|  |TAMS 0x0000000084000000| PB 0x0000000084000000| Untracked 
|  65|0x0000000084100000, 0x0000000084100000, 0x0000000084200000|  0%| F|  |TAMS 0x0000000084100000| PB 0x0000000084100000| Untracked 
|  66|0x0000000084200000, 0x0000000084200000, 0x0000000084300000|  0%| F|  |TAMS 0x0000000084200000| PB 0x0000000084200000| Untracked 
|  67|0x0000000084300000, 0x0000000084300000, 0x0000000084400000|  0%| F|  |TAMS 0x0000000084300000| PB 0x0000000084300000| Untracked 
|  68|0x0000000084400000, 0x0000000084400000, 0x0000000084500000|  0%| F|  |TAMS 0x0000000084400000| PB 0x0000000084400000| Untracked 
|  69|0x0000000084500000, 0x0000000084500000, 0x0000000084600000|  0%| F|  |TAMS 0x0000000084500000| PB 0x0000000084500000| Untracked 
|  70|0x0000000084600000, 0x0000000084600000, 0x0000000084700000|  0%| F|  |TAMS 0x0000000084600000| PB 0x0000000084600000| Untracked 
|  71|0x0000000084700000, 0x0000000084700000, 0x0000000084800000|  0%| F|  |TAMS 0x0000000084700000| PB 0x0000000084700000| Untracked 
|  72|0x0000000084800000, 0x0000000084800000, 0x0000000084900000|  0%| F|  |TAMS 0x0000000084800000| PB 0x0000000084800000| Untracked 
|  73|0x0000000084900000, 0x0000000084900000, 0x0000000084a00000|  0%| F|  |TAMS 0x0000000084900000| PB 0x0000000084900000| Untracked 
|  74|0x0000000084a00000, 0x0000000084a00000, 0x0000000084b00000|  0%| F|  |TAMS 0x0000000084a00000| PB 0x0000000084a00000| Untracked 
|  75|0x0000000084b00000, 0x0000000084b00000, 0x0000000084c00000|  0%| F|  |TAMS 0x0000000084b00000| PB 0x0000000084b00000| Untracked 
|  76|0x0000000084c00000, 0x0000000084c00000, 0x0000000084d00000|  0%| F|  |TAMS 0x0000000084c00000| PB 0x0000000084c00000| Untracked 
|  77|0x0000000084d00000, 0x0000000084d00000, 0x0000000084e00000|  0%| F|  |TAMS 0x0000000084d00000| PB 0x0000000084d00000| Untracked 
|  78|0x0000000084e00000, 0x0000000084e00000, 0x0000000084f00000|  0%| F|  |TAMS 0x0000000084e00000| PB 0x0000000084e00000| Untracked 
|  79|0x0000000084f00000, 0x0000000084f00000, 0x0000000085000000|  0%| F|  |TAMS 0x0000000084f00000| PB 0x0000000084f00000| Untracked 
|  80|0x0000000085000000, 0x0000000085000000, 0x0000000085100000|  0%| F|  |TAMS 0x0000000085000000| PB 0x0000000085000000| Untracked 
|  81|0x0000000085100000, 0x0000000085100000, 0x0000000085200000|  0%| F|  |TAMS 0x0000000085100000| PB 0x0000000085100000| Untracked 
|  82|0x0000000085200000, 0x0000000085200000, 0x0000000085300000|  0%| F|  |TAMS 0x0000000085200000| PB 0x0000000085200000| Untracked 
|  84|0x0000000085400000, 0x0000000085400000, 0x0000000085500000|  0%| F|  |TAMS 0x0000000085400000| PB 0x0000000085400000| Untracked 
|  85|0x0000000085500000, 0x0000000085580000, 0x0000000085600000| 50%| E|  |TAMS 0x0000000085500000| PB 0x0000000085500000| Complete 
|  86|0x0000000085600000, 0x0000000085700000, 0x0000000085700000|100%| E|CS|TAMS 0x0000000085600000| PB 0x0000000085600000| Complete 
|  87|0x0000000085700000, 0x0000000085800000, 0x0000000085800000|100%| E|CS|TAMS 0x0000000085700000| PB 0x0000000085700000| Complete 
|  88|0x0000000085800000, 0x0000000085900000, 0x0000000085900000|100%| E|CS|TAMS 0x0000000085800000| PB 0x0000000085800000| Complete 
|  89|0x0000000085900000, 0x0000000085a00000, 0x0000000085a00000|100%| E|CS|TAMS 0x0000000085900000| PB 0x0000000085900000| Complete 
|  90|0x0000000085a00000, 0x0000000085b00000, 0x0000000085b00000|100%| E|CS|TAMS 0x0000000085a00000| PB 0x0000000085a00000| Complete 
|  91|0x0000000085b00000, 0x0000000085c00000, 0x0000000085c00000|100%| E|CS|TAMS 0x0000000085b00000| PB 0x0000000085b00000| Complete 
| 117|0x0000000087500000, 0x0000000087600000, 0x0000000087600000|100%| E|CS|TAMS 0x0000000087500000| PB 0x0000000087500000| Complete 
|2041|0x00000000ff900000, 0x00000000ffa00000, 0x00000000ffa00000|100%| O|  |TAMS 0x00000000ff900000| PB 0x00000000ff900000| Untracked 
|2042|0x00000000ffa00000, 0x00000000ffb00000, 0x00000000ffb00000|100%| O|  |TAMS 0x00000000ffa00000| PB 0x00000000ffa00000| Untracked 
|2043|0x00000000ffb00000, 0x00000000ffc00000, 0x00000000ffc00000|100%| O|  |TAMS 0x00000000ffb00000| PB 0x00000000ffb00000| Untracked 
|2044|0x00000000ffc00000, 0x00000000ffd00000, 0x00000000ffd00000|100%| O|  |TAMS 0x00000000ffc00000| PB 0x00000000ffc00000| Untracked 
|2045|0x00000000ffd00000, 0x00000000ffe00000, 0x00000000ffe00000|100%| O|  |TAMS 0x00000000ffd00000| PB 0x00000000ffd00000| Untracked 
|2046|0x00000000ffe00000, 0x00000000fff00000, 0x00000000fff00000|100%| O|  |TAMS 0x00000000ffe00000| PB 0x00000000ffe00000| Untracked 
|2047|0x00000000fff00000, 0x0000000100000000, 0x0000000100000000|100%| O|  |TAMS 0x00000000fff00000| PB 0x00000000fff00000| Untracked 

Card table byte_map: [0x0000023e65160000,0x0000023e65560000] _byte_map_base: 0x0000023e64d60000

Marking Bits: (CMBitMap*) 0x0000023e500ae670
 Bits: [0x0000023e65560000, 0x0000023e67560000)

Polling page: 0x0000023e4ff60000

Metaspace:

Usage:
  Non-class:     50.25 MB used.
      Class:      7.95 MB used.
       Both:     58.19 MB used.

Virtual space:
  Non-class space:       64.00 MB reserved,      51.00 MB ( 80%) committed,  1 nodes.
      Class space:        1.00 GB reserved,       8.69 MB ( <1%) committed,  1 nodes.
             Both:        1.06 GB reserved,      59.69 MB (  5%) committed. 

Chunk freelists:
   Non-Class:  12.39 MB
       Class:  7.22 MB
        Both:  19.61 MB

MaxMetaspaceSize: unlimited
CompressedClassSpaceSize: 1.00 GB
Initial GC threshold: 21.00 MB
Current GC threshold: 98.12 MB
CDS: off
 - commit_granule_bytes: 65536.
 - commit_granule_words: 8192.
 - virtual_space_node_default_size: 8388608.
 - enlarge_chunks_in_place: 1.
 - use_allocation_guard: 0.


Internal statistics:

num_allocs_failed_limit: 9.
num_arena_births: 2892.
num_arena_deaths: 0.
num_vsnodes_births: 2.
num_vsnodes_deaths: 0.
num_space_committed: 955.
num_space_uncommitted: 0.
num_chunks_returned_to_freelist: 9.
num_chunks_taken_from_freelist: 5325.
num_chunk_merges: 9.
num_chunk_splits: 3415.
num_chunks_enlarged: 2049.
num_inconsistent_stats: 0.

CodeHeap 'non-profiled nmethods': size=119168Kb used=3239Kb max_used=3409Kb free=115928Kb
 bounds [0x0000023e5d080000, 0x0000023e5d3e0000, 0x0000023e644e0000]
CodeHeap 'profiled nmethods': size=119104Kb used=10269Kb max_used=10782Kb free=108834Kb
 bounds [0x0000023e554e0000, 0x0000023e55f70000, 0x0000023e5c930000]
CodeHeap 'non-nmethods': size=7488Kb used=4394Kb max_used=4429Kb free=3093Kb
 bounds [0x0000023e5c930000, 0x0000023e5cd90000, 0x0000023e5d080000]
 total_blobs=6247 nmethods=5386 adapters=761
 compilation: enabled
              stopped_count=0, restarted_count=0
 full_count=0

Compilation events (20 events):
Event: 12.132 Thread 0x0000023e6a73c210 5970       3       com.google.common.collect.ImmutableSet::of (4 bytes)
Event: 12.132 Thread 0x0000023e6a73c210 nmethod 5970 0x0000023e556a2990 code [0x0000023e556a2b20, 0x0000023e556a2c18]
Event: 12.133 Thread 0x0000023e6fe96250 5972       3       com.google.common.collect.Lists::equalsImpl (114 bytes)
Event: 12.133 Thread 0x0000023e6a73c210 5971       3       com.google.common.collect.ImmutableList::equals (6 bytes)
Event: 12.133 Thread 0x0000023e6a73c210 nmethod 5971 0x0000023e5568bb10 code [0x0000023e5568bcc0, 0x0000023e5568bdf8]
Event: 12.134 Thread 0x0000023e6fe96250 nmethod 5972 0x0000023e55580f10 code [0x0000023e555811e0, 0x0000023e55582190]
Event: 12.134 Thread 0x0000023e6fe96250 5973       1       org.gradle.internal.operations.OperationFinishEvent::getEndTime (5 bytes)
Event: 12.134 Thread 0x0000023e6a933d20 5974       1       org.gradle.internal.operations.OperationFinishEvent::getFailure (5 bytes)
Event: 12.135 Thread 0x0000023e6a933d20 nmethod 5974 0x0000023e5d171d90 code [0x0000023e5d171f20, 0x0000023e5d171fe8]
Event: 12.135 Thread 0x0000023e6fe96250 nmethod 5973 0x0000023e5d0ae790 code [0x0000023e5d0ae920, 0x0000023e5d0ae9e8]
Event: 12.137 Thread 0x0000023e6fe96250 5975       1       java.lang.Thread::isInterrupted (5 bytes)
Event: 12.137 Thread 0x0000023e6fe96250 nmethod 5975 0x0000023e5d103e10 code [0x0000023e5d103fa0, 0x0000023e5d104070]
Event: 12.188 Thread 0x0000023e6a933d20 5976   !   3       java.util.WeakHashMap::expungeStaleEntries (139 bytes)
Event: 12.189 Thread 0x0000023e6a933d20 nmethod 5976 0x0000023e55609e10 code [0x0000023e5560a020, 0x0000023e5560a848]
Event: 12.228 Thread 0x0000023e6a931260 5978       3       java.lang.Boolean::hashCode (14 bytes)
Event: 12.228 Thread 0x0000023e6fe96250 5979       3       kotlin.reflect.jvm.internal.impl.name.FqName::hashCode (8 bytes)
Event: 12.228 Thread 0x0000023e6a933d20 5980       3       kotlin.reflect.jvm.internal.impl.name.FqNameUnsafe::hashCode (8 bytes)
Event: 12.228 Thread 0x0000023e6a931260 nmethod 5978 0x0000023e55705910 code [0x0000023e55705ac0, 0x0000023e55705c20]
Event: 12.228 Thread 0x0000023e6fe96250 nmethod 5979 0x0000023e5550ec90 code [0x0000023e5550ee40, 0x0000023e5550efe8]
Event: 12.228 Thread 0x0000023e6a933d20 nmethod 5980 0x0000023e55507e10 code [0x0000023e55507fc0, 0x0000023e55508100]

GC Heap History (20 events):
Event: 3.843 GC heap before
{Heap before GC invocations=2 (full 0):
 garbage-first heap   total 120832K, used 60069K [0x0000000080000000, 0x0000000100000000)
  region size 1024K, 51 young (52224K), 5 survivors (5120K)
 Metaspace       used 13359K, committed 13632K, reserved 1114112K
  class space    used 1492K, committed 1600K, reserved 1048576K
}
Event: 3.856 GC heap after
{Heap after GC invocations=3 (full 0):
 garbage-first heap   total 120832K, used 16695K [0x0000000080000000, 0x0000000100000000)
  region size 1024K, 5 young (5120K), 5 survivors (5120K)
 Metaspace       used 13359K, committed 13632K, reserved 1114112K
  class space    used 1492K, committed 1600K, reserved 1048576K
}
Event: 5.075 GC heap before
{Heap before GC invocations=3 (full 0):
 garbage-first heap   total 120832K, used 42295K [0x0000000080000000, 0x0000000100000000)
  region size 1024K, 31 young (31744K), 5 survivors (5120K)
 Metaspace       used 21204K, committed 21504K, reserved 1114112K
  class space    used 2478K, committed 2624K, reserved 1048576K
}
Event: 5.081 GC heap after
{Heap after GC invocations=4 (full 0):
 garbage-first heap   total 120832K, used 20254K [0x0000000080000000, 0x0000000100000000)
  region size 1024K, 8 young (8192K), 8 survivors (8192K)
 Metaspace       used 21204K, committed 21504K, reserved 1114112K
  class space    used 2478K, committed 2624K, reserved 1048576K
}
Event: 6.644 GC heap before
{Heap before GC invocations=5 (full 0):
 garbage-first heap   total 68608K, used 67358K [0x0000000080000000, 0x0000000100000000)
  region size 1024K, 55 young (56320K), 8 survivors (8192K)
 Metaspace       used 29030K, committed 29568K, reserved 1114112K
  class space    used 3724K, committed 3968K, reserved 1048576K
}
Event: 6.654 GC heap after
{Heap after GC invocations=6 (full 0):
 garbage-first heap   total 79872K, used 22786K [0x0000000080000000, 0x0000000100000000)
  region size 1024K, 6 young (6144K), 6 survivors (6144K)
 Metaspace       used 29030K, committed 29568K, reserved 1114112K
  class space    used 3724K, committed 3968K, reserved 1048576K
}
Event: 7.863 GC heap before
{Heap before GC invocations=6 (full 0):
 garbage-first heap   total 79872K, used 63746K [0x0000000080000000, 0x0000000100000000)
  region size 1024K, 46 young (47104K), 6 survivors (6144K)
 Metaspace       used 34442K, committed 35200K, reserved 1114112K
  class space    used 4663K, committed 5056K, reserved 1048576K
}
Event: 7.873 GC heap after
{Heap after GC invocations=7 (full 0):
 garbage-first heap   total 79872K, used 25366K [0x0000000080000000, 0x0000000100000000)
  region size 1024K, 6 young (6144K), 6 survivors (6144K)
 Metaspace       used 34442K, committed 35200K, reserved 1114112K
  class space    used 4663K, committed 5056K, reserved 1048576K
}
Event: 7.983 GC heap before
{Heap before GC invocations=7 (full 0):
 garbage-first heap   total 79872K, used 29462K [0x0000000080000000, 0x0000000100000000)
  region size 1024K, 11 young (11264K), 6 survivors (6144K)
 Metaspace       used 35187K, committed 35968K, reserved 1114112K
  class space    used 4766K, committed 5120K, reserved 1048576K
}
Event: 7.988 GC heap after
{Heap after GC invocations=8 (full 0):
 garbage-first heap   total 79872K, used 25997K [0x0000000080000000, 0x0000000100000000)
  region size 1024K, 4 young (4096K), 4 survivors (4096K)
 Metaspace       used 35187K, committed 35968K, reserved 1114112K
  class space    used 4766K, committed 5120K, reserved 1048576K
}
Event: 9.194 GC heap before
{Heap before GC invocations=9 (full 0):
 garbage-first heap   total 79872K, used 65933K [0x0000000080000000, 0x0000000100000000)
  region size 1024K, 44 young (45056K), 4 survivors (4096K)
 Metaspace       used 43508K, committed 44416K, reserved 1114112K
  class space    used 5837K, committed 6272K, reserved 1048576K
}
Event: 9.200 GC heap after
{Heap after GC invocations=10 (full 0):
 garbage-first heap   total 79872K, used 29773K [0x0000000080000000, 0x0000000100000000)
  region size 1024K, 6 young (6144K), 6 survivors (6144K)
 Metaspace       used 43508K, committed 44416K, reserved 1114112K
  class space    used 5837K, committed 6272K, reserved 1048576K
}
Event: 9.705 GC heap before
{Heap before GC invocations=10 (full 0):
 garbage-first heap   total 79872K, used 71757K [0x0000000080000000, 0x0000000100000000)
  region size 1024K, 42 young (43008K), 6 survivors (6144K)
 Metaspace       used 46188K, committed 47104K, reserved 1114112K
  class space    used 6084K, committed 6528K, reserved 1048576K
}
Event: 9.713 GC heap after
{Heap after GC invocations=11 (full 0):
 garbage-first heap   total 83968K, used 33813K [0x0000000080000000, 0x0000000100000000)
  region size 1024K, 4 young (4096K), 4 survivors (4096K)
 Metaspace       used 46188K, committed 47104K, reserved 1114112K
  class space    used 6084K, committed 6528K, reserved 1048576K
}
Event: 10.476 GC heap before
{Heap before GC invocations=11 (full 0):
 garbage-first heap   total 83968K, used 70677K [0x0000000080000000, 0x0000000100000000)
  region size 1024K, 40 young (40960K), 4 survivors (4096K)
 Metaspace       used 50564K, committed 51840K, reserved 1114112K
  class space    used 6807K, committed 7424K, reserved 1048576K
}
Event: 10.481 GC heap after
{Heap after GC invocations=12 (full 0):
 garbage-first heap   total 101376K, used 36307K [0x0000000080000000, 0x0000000100000000)
  region size 1024K, 3 young (3072K), 3 survivors (3072K)
 Metaspace       used 50564K, committed 51840K, reserved 1114112K
  class space    used 6807K, committed 7424K, reserved 1048576K
}
Event: 11.628 GC heap before
{Heap before GC invocations=12 (full 0):
 garbage-first heap   total 101376K, used 87507K [0x0000000080000000, 0x0000000100000000)
  region size 1024K, 53 young (54272K), 3 survivors (3072K)
 Metaspace       used 56108K, committed 57600K, reserved 1114112K
  class space    used 7721K, committed 8448K, reserved 1048576K
}
Event: 11.634 GC heap after
{Heap after GC invocations=13 (full 0):
 garbage-first heap   total 101376K, used 41628K [0x0000000080000000, 0x0000000100000000)
  region size 1024K, 7 young (7168K), 7 survivors (7168K)
 Metaspace       used 56108K, committed 57600K, reserved 1114112K
  class space    used 7721K, committed 8448K, reserved 1048576K
}
Event: 12.084 GC heap before
{Heap before GC invocations=13 (full 0):
 garbage-first heap   total 101376K, used 81564K [0x0000000080000000, 0x0000000100000000)
  region size 1024K, 46 young (47104K), 7 survivors (7168K)
 Metaspace       used 58652K, committed 60096K, reserved 1114112K
  class space    used 7996K, committed 8704K, reserved 1048576K
}
Event: 12.091 GC heap after
{Heap after GC invocations=14 (full 0):
 garbage-first heap   total 101376K, used 43833K [0x0000000080000000, 0x0000000100000000)
  region size 1024K, 2 young (2048K), 2 survivors (2048K)
 Metaspace       used 58652K, committed 60096K, reserved 1114112K
  class space    used 7996K, committed 8704K, reserved 1048576K
}

Dll operation events (3 events):
Event: 0.017 Loaded shared library C:\Program Files\Android\Android Studio\jbr\bin\java.dll
Event: 0.026 Loaded shared library C:\Program Files\Android\Android Studio\jbr\bin\zip.dll
Event: 0.935 Loaded shared library C:\Program Files\Android\Android Studio\jbr\bin\verify.dll

Deoptimization events (20 events):
Event: 11.710 Thread 0x0000023e70bd8140 Uncommon trap: trap_request=0xffffffbe fr.pc=0x0000023e5d3acde8 relative=0x0000000000000308
Event: 11.710 Thread 0x0000023e70bd8140 Uncommon trap: reason=profile_predicate action=maybe_recompile pc=0x0000023e5d3acde8 method=sun.instrument.TransformerManager.transform(Ljava/lang/Module;Ljava/lang/ClassLoader;Ljava/lang/String;Ljava/lang/Class;Ljava/security/ProtectionDomain;[B)[B @ 21 
Event: 11.710 Thread 0x0000023e70bd8140 DEOPT PACKING pc=0x0000023e5d3acde8 sp=0x0000004cc9bf1f60
Event: 11.710 Thread 0x0000023e70bd8140 DEOPT UNPACKING pc=0x0000023e5c9846a2 sp=0x0000004cc9bf1e30 mode 2
Event: 11.711 Thread 0x0000023e70bd8140 Uncommon trap: trap_request=0xffffffbe fr.pc=0x0000023e5d3acde8 relative=0x0000000000000308
Event: 11.711 Thread 0x0000023e70bd8140 Uncommon trap: reason=profile_predicate action=maybe_recompile pc=0x0000023e5d3acde8 method=sun.instrument.TransformerManager.transform(Ljava/lang/Module;Ljava/lang/ClassLoader;Ljava/lang/String;Ljava/lang/Class;Ljava/security/ProtectionDomain;[B)[B @ 21 
Event: 11.711 Thread 0x0000023e70bd8140 DEOPT PACKING pc=0x0000023e5d3acde8 sp=0x0000004cc9bf3a90
Event: 11.711 Thread 0x0000023e70bd8140 DEOPT UNPACKING pc=0x0000023e5c9846a2 sp=0x0000004cc9bf3960 mode 2
Event: 11.712 Thread 0x0000023e70bd8140 Uncommon trap: trap_request=0xffffffbe fr.pc=0x0000023e5d3acde8 relative=0x0000000000000308
Event: 11.712 Thread 0x0000023e70bd8140 Uncommon trap: reason=profile_predicate action=maybe_recompile pc=0x0000023e5d3acde8 method=sun.instrument.TransformerManager.transform(Ljava/lang/Module;Ljava/lang/ClassLoader;Ljava/lang/String;Ljava/lang/Class;Ljava/security/ProtectionDomain;[B)[B @ 21 
Event: 11.712 Thread 0x0000023e70bd8140 DEOPT PACKING pc=0x0000023e5d3acde8 sp=0x0000004cc9bf44a0
Event: 11.712 Thread 0x0000023e70bd8140 DEOPT UNPACKING pc=0x0000023e5c9846a2 sp=0x0000004cc9bf4370 mode 2
Event: 11.807 Thread 0x0000023e70bd8140 DEOPT PACKING pc=0x0000023e5599cdde sp=0x0000004cc9bf9170
Event: 11.807 Thread 0x0000023e70bd8140 DEOPT UNPACKING pc=0x0000023e5c984e42 sp=0x0000004cc9bf8658 mode 0
Event: 11.814 Thread 0x0000023e70bd8140 DEOPT PACKING pc=0x0000023e5599cdde sp=0x0000004cc9bf8fd0
Event: 11.814 Thread 0x0000023e70bd8140 DEOPT UNPACKING pc=0x0000023e5c984e42 sp=0x0000004cc9bf84b8 mode 0
Event: 11.836 Thread 0x0000023e70bd8140 DEOPT PACKING pc=0x0000023e557a3fdd sp=0x0000004cc9bf9400
Event: 11.836 Thread 0x0000023e70bd8140 DEOPT UNPACKING pc=0x0000023e5c984e42 sp=0x0000004cc9bf8878 mode 0
Event: 11.963 Thread 0x0000023e70bd8140 DEOPT PACKING pc=0x0000023e55ceaae6 sp=0x0000004cc9bf8930
Event: 11.963 Thread 0x0000023e70bd8140 DEOPT UNPACKING pc=0x0000023e5c984e42 sp=0x0000004cc9bf7e78 mode 0

Classes loaded (20 events):
Event: 11.419 Loading class sun/misc/SharedSecrets
Event: 11.419 Loading class sun/misc/SharedSecrets done
Event: 11.499 Loading class java/util/AbstractList$ListItr
Event: 11.500 Loading class java/util/AbstractList$ListItr done
Event: 11.643 Loading class java/util/BitSet$1BitSetSpliterator
Event: 11.643 Loading class java/util/BitSet$1BitSetSpliterator done
Event: 11.655 Loading class sun/nio/fs/WindowsException
Event: 11.656 Loading class sun/nio/fs/WindowsException done
Event: 11.657 Loading class com/jetbrains/internal/IoToNioErrorMessageHolder
Event: 11.658 Loading class com/jetbrains/internal/IoToNioErrorMessageHolder done
Event: 11.674 Loading class java/util/Collections$SynchronizedRandomAccessList
Event: 11.674 Loading class java/util/Collections$SynchronizedList
Event: 11.674 Loading class java/util/Collections$SynchronizedList done
Event: 11.674 Loading class java/util/Collections$SynchronizedRandomAccessList done
Event: 12.006 Loading class java/util/concurrent/atomic/AtomicReferenceFieldUpdater
Event: 12.006 Loading class java/util/concurrent/atomic/AtomicReferenceFieldUpdater done
Event: 12.006 Loading class java/util/concurrent/atomic/AtomicReferenceFieldUpdater$AtomicReferenceFieldUpdaterImpl
Event: 12.007 Loading class java/util/concurrent/atomic/AtomicReferenceFieldUpdater$AtomicReferenceFieldUpdaterImpl done
Event: 12.007 Loading class java/util/concurrent/atomic/AtomicReferenceFieldUpdater$AtomicReferenceFieldUpdaterImpl$1
Event: 12.007 Loading class java/util/concurrent/atomic/AtomicReferenceFieldUpdater$AtomicReferenceFieldUpdaterImpl$1 done

Classes unloaded (0 events):
No events

Classes redefined (0 events):
No events

Internal exceptions (20 events):
Event: 11.572 Thread 0x0000023e70bd8140 Exception <a 'java/lang/ClassNotFoundException'{0x0000000082cb69d8}: addGradleAndroidTestListener1_2mbt956zlohishgzis2wp5uwcBeanInfo> (0x0000000082cb69d8) 
thrown [s\src\hotspot\share\classfile\systemDictionary.cpp, line 312]
Event: 11.573 Thread 0x0000023e70bd8140 Exception <a 'java/lang/ClassNotFoundException'{0x0000000082cbcbc8}: addGradleAndroidTestListener1_2mbt956zlohishgzis2wp5uwcCustomizer> (0x0000000082cbcbc8) 
thrown [s\src\hotspot\share\classfile\systemDictionary.cpp, line 312]
Event: 11.594 Thread 0x0000023e70bd8140 Exception <a 'java/lang/ClassNotFoundException'{0x0000000082b9ed30}: SetupUtpTestResultListenerActionBeanInfo> (0x0000000082b9ed30) 
thrown [s\src\hotspot\share\classfile\systemDictionary.cpp, line 312]
Event: 11.594 Thread 0x0000023e70bd8140 Exception <a 'java/lang/ClassNotFoundException'{0x0000000082ba5568}: SetupUtpTestResultListenerActionCustomizer> (0x0000000082ba5568) 
thrown [s\src\hotspot\share\classfile\systemDictionary.cpp, line 312]
Event: 11.604 Thread 0x0000023e70bd8140 Exception <a 'java/lang/ClassNotFoundException'{0x0000000082a1f018}: org/gradle/execution/taskgraph/DefaultTaskExecutionGraphBeanInfo> (0x0000000082a1f018) 
thrown [s\src\hotspot\share\classfile\systemDictionary.cpp, line 312]
Event: 11.604 Thread 0x0000023e70bd8140 Exception <a 'java/lang/ClassNotFoundException'{0x0000000082a2cce0}: org/gradle/execution/taskgraph/DefaultTaskExecutionGraphCustomizer> (0x0000000082a2cce0) 
thrown [s\src\hotspot\share\classfile\systemDictionary.cpp, line 312]
Event: 11.649 Thread 0x0000023e70bd8140 Exception <a 'java/lang/IncompatibleClassChangeError'{0x0000000085b603b0}: Found class java.lang.Object, but interface was expected> (0x0000000085b603b0) 
thrown [s\src\hotspot\share\interpreter\linkResolver.cpp, line 851]
Event: 11.656 Thread 0x0000023e70bd8140 Exception <a 'sun/nio/fs/WindowsException'{0x0000000085b95758}> (0x0000000085b95758) 
thrown [s\src\hotspot\share\prims\jni.cpp, line 537]
Event: 11.659 Thread 0x0000023e70bd8140 Exception <a 'sun/nio/fs/WindowsException'{0x0000000085b97400}> (0x0000000085b97400) 
thrown [s\src\hotspot\share\prims\jni.cpp, line 537]
Event: 11.660 Thread 0x0000023e70bd8140 Exception <a 'sun/nio/fs/WindowsException'{0x0000000085b98920}> (0x0000000085b98920) 
thrown [s\src\hotspot\share\prims\jni.cpp, line 537]
Event: 11.661 Thread 0x0000023e70bd8140 Exception <a 'sun/nio/fs/WindowsException'{0x0000000085b99a58}> (0x0000000085b99a58) 
thrown [s\src\hotspot\share\prims\jni.cpp, line 537]
Event: 11.664 Thread 0x0000023e70bd8140 Exception <a 'java/lang/NoSuchMethodError'{0x0000000085badc98}: 'java.lang.Object java.lang.invoke.Invokers$Holder.invoker(java.lang.Object, java.lang.Object, java.lang.Object, java.lang.Object, java.lang.Object, java.lang.Object)'> (0x0000000085badc98) 
thrown [s\src\hotspot\share\interpreter\linkResolver.cpp, line 784]
Event: 11.689 Thread 0x0000023e70bd8140 Exception <a 'java/lang/NoSuchMethodError'{0x0000000085ab0548}: 'java.lang.Object java.lang.invoke.DirectMethodHandle$Holder.invokeSpecial(java.lang.Object, java.lang.Object, java.lang.Object, java.lang.Object, java.lang.Object, java.lang.Object, java.lang.Object, java.lang.Object, java.lang.Object, java.lang.Object, java.lang.Object, java.lang.Object, java.lang.Object, java.lang.Object, java.lang.Object, java.lang.Object, java.lang.Object, java.lang.Object, java.lang.Object, java.lang.Object, java.lang.Ob
Event: 11.690 Thread 0x0000023e70bd8140 Exception <a 'java/lang/NoSuchMethodError'{0x0000000085ab65b0}: 'java.lang.Object java.lang.invoke.DelegatingMethodHandle$Holder.reinvoke_L(java.lang.Object, java.lang.Object, java.lang.Object, java.lang.Object, java.lang.Object, java.lang.Object, java.lang.Object, java.lang.Object, java.lang.Object, java.lang.Object, java.lang.Object, java.lang.Object, java.lang.Object, java.lang.Object, java.lang.Object, java.lang.Object, java.lang.Object, java.lang.Object, java.lang.Object, java.lang.Object, java.lang.O
Event: 11.690 Thread 0x0000023e70bd8140 Exception <a 'java/lang/NoSuchMethodError'{0x0000000085ac16b8}: 'java.lang.Object java.lang.invoke.Invokers$Holder.invoker(java.lang.Object, java.lang.Object, java.lang.Object, java.lang.Object, java.lang.Object, java.lang.Object, java.lang.Object, java.lang.Object, java.lang.Object, java.lang.Object, java.lang.Object, java.lang.Object, java.lang.Object, java.lang.Object, java.lang.Object, java.lang.Object, java.lang.Object, java.lang.Object, java.lang.Object, java.lang.Object, java.lang.Object, java.lang.
Event: 11.690 Thread 0x0000023e70bd8140 Exception <a 'java/lang/NoSuchMethodError'{0x0000000085ac7fd0}: 'java.lang.Object java.lang.invoke.DelegatingMethodHandle$Holder.delegate(java.lang.Object, java.lang.Object, java.lang.Object, java.lang.Object, java.lang.Object, java.lang.Object, java.lang.Object, java.lang.Object, java.lang.Object, java.lang.Object, java.lang.Object, java.lang.Object, java.lang.Object, java.lang.Object, java.lang.Object, java.lang.Object, java.lang.Object, java.lang.Object, java.lang.Object, java.lang.Object, java.lang.Obj
Event: 12.094 Thread 0x0000023e70bd8140 Exception <a 'java/lang/NoSuchMethodError'{0x00000000875054b0}: 'java.lang.Object java.lang.invoke.DirectMethodHandle$Holder.newInvokeSpecial(java.lang.Object, java.lang.Object, java.lang.Object, java.lang.Object, java.lang.Object, java.lang.Object, java.lang.Object, java.lang.Object, java.lang.Object, java.lang.Object, java.lang.Object, java.lang.Object, java.lang.Object, java.lang.Object, java.lang.Object, java.lang.Object, java.lang.Object, java.lang.Object, java.lang.Object)'> (0x00000000875054b0) 
thr
Event: 12.095 Thread 0x0000023e70bd8140 Exception <a 'java/lang/NoSuchMethodError'{0x000000008750be38}: 'java.lang.Object java.lang.invoke.DirectMethodHandle$Holder.invokeSpecial(java.lang.Object, java.lang.Object, java.lang.Object, java.lang.Object, java.lang.Object, java.lang.Object, java.lang.Object, java.lang.Object, java.lang.Object, java.lang.Object, java.lang.Object, java.lang.Object, java.lang.Object, java.lang.Object, java.lang.Object, java.lang.Object, java.lang.Object, java.lang.Object, java.lang.Object, java.lang.Object)'> (0x0000000
Event: 12.096 Thread 0x0000023e70bd8140 Exception <a 'java/lang/NoSuchMethodError'{0x0000000087511688}: 'java.lang.Object java.lang.invoke.DelegatingMethodHandle$Holder.reinvoke_L(java.lang.Object, java.lang.Object, java.lang.Object, java.lang.Object, java.lang.Object, java.lang.Object, java.lang.Object, java.lang.Object, java.lang.Object, java.lang.Object, java.lang.Object, java.lang.Object, java.lang.Object, java.lang.Object, java.lang.Object, java.lang.Object, java.lang.Object, java.lang.Object, java.lang.Object)'> (0x0000000087511688) 
throw
Event: 12.121 Thread 0x0000023e70bd8140 Exception <a 'java/lang/IncompatibleClassChangeError'{0x00000000875e0260}: Found class java.lang.Object, but interface was expected> (0x00000000875e0260) 
thrown [s\src\hotspot\share\interpreter\linkResolver.cpp, line 851]

ZGC Phase Switch (0 events):
No events

VM Operations (20 events):
Event: 10.947 Executing VM operation: HandshakeAllThreads (Deoptimize)
Event: 10.947 Executing VM operation: HandshakeAllThreads (Deoptimize) done
Event: 11.117 Executing VM operation: HandshakeAllThreads (Deoptimize)
Event: 11.117 Executing VM operation: HandshakeAllThreads (Deoptimize) done
Event: 11.286 Executing VM operation: ICBufferFull
Event: 11.287 Executing VM operation: ICBufferFull done
Event: 11.501 Executing VM operation: HandshakeAllThreads (Deoptimize)
Event: 11.501 Executing VM operation: HandshakeAllThreads (Deoptimize) done
Event: 11.551 Executing VM operation: ICBufferFull
Event: 11.552 Executing VM operation: ICBufferFull done
Event: 11.628 Executing VM operation: G1CollectForAllocation (G1 Evacuation Pause)
Event: 11.634 Executing VM operation: G1CollectForAllocation (G1 Evacuation Pause) done
Event: 11.657 Executing VM operation: HandshakeAllThreads (Deoptimize)
Event: 11.657 Executing VM operation: HandshakeAllThreads (Deoptimize) done
Event: 12.084 Executing VM operation: CollectForMetadataAllocation (Metadata GC Threshold)
Event: 12.091 Executing VM operation: CollectForMetadataAllocation (Metadata GC Threshold) done
Event: 12.114 Executing VM operation: G1PauseRemark
Event: 12.118 Executing VM operation: G1PauseRemark done
Event: 12.126 Executing VM operation: G1PauseCleanup
Event: 12.126 Executing VM operation: G1PauseCleanup done

Memory protections (0 events):
No events

Nmethod flushes (20 events):
Event: 12.116 Thread 0x0000023e6a696030 flushing  nmethod 0x0000023e55612d10
Event: 12.116 Thread 0x0000023e6a696030 flushing  nmethod 0x0000023e556c6990
Event: 12.116 Thread 0x0000023e6a696030 flushing  nmethod 0x0000023e55701c90
Event: 12.116 Thread 0x0000023e6a696030 flushing  nmethod 0x0000023e55705910
Event: 12.116 Thread 0x0000023e6a696030 flushing  nmethod 0x0000023e5585e890
Event: 12.116 Thread 0x0000023e6a696030 flushing  nmethod 0x0000023e5594f610
Event: 12.116 Thread 0x0000023e6a696030 flushing  nmethod 0x0000023e55b7ef10
Event: 12.116 Thread 0x0000023e6a696030 flushing  nmethod 0x0000023e55b83990
Event: 12.116 Thread 0x0000023e6a696030 flushing  nmethod 0x0000023e5d24ac10
Event: 12.116 Thread 0x0000023e6a696030 flushing  nmethod 0x0000023e55625190
Event: 12.116 Thread 0x0000023e6a696030 flushing  nmethod 0x0000023e55695090
Event: 12.116 Thread 0x0000023e6a696030 flushing  nmethod 0x0000023e55695b10
Event: 12.116 Thread 0x0000023e6a696030 flushing  nmethod 0x0000023e55699e10
Event: 12.116 Thread 0x0000023e6a696030 flushing  nmethod 0x0000023e556de890
Event: 12.116 Thread 0x0000023e6a696030 flushing  nmethod 0x0000023e55721710
Event: 12.116 Thread 0x0000023e6a696030 flushing  nmethod 0x0000023e55773d90
Event: 12.116 Thread 0x0000023e6a696030 flushing  nmethod 0x0000023e55774290
Event: 12.116 Thread 0x0000023e6a696030 flushing  nmethod 0x0000023e558c9d10
Event: 12.116 Thread 0x0000023e6a696030 flushing  nmethod 0x0000023e558d0090
Event: 12.116 Thread 0x0000023e6a696030 flushing  nmethod 0x0000023e55998390

Events (20 events):
Event: 10.220 Thread 0x0000023e70bd8140 Thread added: 0x0000023e7256a960
Event: 10.295 Thread 0x0000023e70bd8140 Thread added: 0x0000023e72568200
Event: 11.201 Thread 0x0000023e70bd8140 Thread added: 0x0000023e725695b0
Event: 11.204 Thread 0x0000023e70bd8140 Thread added: 0x0000023e72568f20
Event: 11.208 Thread 0x0000023e70bd8140 Thread added: 0x0000023e72569c40
Event: 11.210 Thread 0x0000023e70bd8140 Thread added: 0x0000023e7256a2d0
Event: 11.263 Thread 0x0000023e70bd8140 Thread added: 0x0000023e74477260
Event: 11.265 Thread 0x0000023e70bd8140 Thread added: 0x0000023e74477f80
Event: 11.265 Thread 0x0000023e70bd8140 Thread added: 0x0000023e74475eb0
Event: 11.267 Thread 0x0000023e70bd8140 Thread added: 0x0000023e74476540
Event: 11.391 Thread 0x0000023e70bd8140 Thread added: 0x0000023e74475190
Event: 11.455 Thread 0x0000023e70bd8140 Thread added: 0x0000023e74478610
Event: 11.491 Thread 0x0000023e70bd8140 Thread added: 0x0000023e74475820
Event: 11.492 Thread 0x0000023e70bd8140 Thread added: 0x0000023e74479330
Event: 11.492 Thread 0x0000023e70bd8140 Thread added: 0x0000023e74478ca0
Event: 11.493 Thread 0x0000023e70bd8140 Thread added: 0x0000023e744799c0
Event: 11.521 Thread 0x0000023e70bd8140 Thread added: 0x0000023e7447a050
Event: 11.548 Thread 0x0000023e70bd8140 Thread added: 0x0000023e74476bd0
Event: 11.563 Thread 0x0000023e70bd8140 Thread added: 0x0000023e7447a6e0
Event: 11.814 Thread 0x0000023e75dbc270 Thread exited: 0x0000023e75dbc270


Dynamic libraries:
0x00007ff691200000 - 0x00007ff69120a000 	C:\Program Files\Android\Android Studio\jbr\bin\java.exe
0x00007fff7f620000 - 0x00007fff7f888000 	C:\WINDOWS\SYSTEM32\ntdll.dll
0x00007fff7eca0000 - 0x00007fff7ed69000 	C:\WINDOWS\System32\KERNEL32.DLL
0x00007fff7ca90000 - 0x00007fff7ce82000 	C:\WINDOWS\System32\KERNELBASE.dll
0x00007fff7d120000 - 0x00007fff7d26b000 	C:\WINDOWS\System32\ucrtbase.dll
0x00007fff28c00000 - 0x00007fff28c18000 	C:\Program Files\Android\Android Studio\jbr\bin\jli.dll
0x00007fff6d560000 - 0x00007fff6d57b000 	C:\Program Files\Android\Android Studio\jbr\bin\VCRUNTIME140.dll
0x00007fff7da90000 - 0x00007fff7dc55000 	C:\WINDOWS\System32\USER32.dll
0x00007fff7d060000 - 0x00007fff7d087000 	C:\WINDOWS\System32\win32u.dll
0x00007fff7e8f0000 - 0x00007fff7e91b000 	C:\WINDOWS\System32\GDI32.dll
0x00007fff7ce90000 - 0x00007fff7cfbd000 	C:\WINDOWS\System32\gdi32full.dll
0x00007fff7c920000 - 0x00007fff7c9c3000 	C:\WINDOWS\System32\msvcp_win.dll
0x00007fff65c00000 - 0x00007fff65e93000 	C:\WINDOWS\WinSxS\amd64_microsoft.windows.common-controls_6595b64144ccf1df_6.0.26100.6899_none_3e0efeeae32e88c1\COMCTL32.dll
0x00007fff7d4b0000 - 0x00007fff7d559000 	C:\WINDOWS\System32\msvcrt.dll
0x00007fff7da50000 - 0x00007fff7da7f000 	C:\WINDOWS\System32\IMM32.DLL
0x00007fff78fb0000 - 0x00007fff78fbc000 	C:\Program Files\Android\Android Studio\jbr\bin\vcruntime140_1.dll
0x00007fff13e00000 - 0x00007fff13e8d000 	C:\Program Files\Android\Android Studio\jbr\bin\msvcp140.dll
0x00007fff00870000 - 0x00007fff014fe000 	C:\Program Files\Android\Android Studio\jbr\bin\server\jvm.dll
0x00007fff7d3f0000 - 0x00007fff7d4a4000 	C:\WINDOWS\System32\ADVAPI32.dll
0x00007fff7e800000 - 0x00007fff7e8a6000 	C:\WINDOWS\System32\sechost.dll
0x00007fff7efb0000 - 0x00007fff7f0c8000 	C:\WINDOWS\System32\RPCRT4.dll
0x00007fff7f450000 - 0x00007fff7f4c4000 	C:\WINDOWS\System32\WS2_32.dll
0x00007fff75270000 - 0x00007fff752a5000 	C:\WINDOWS\SYSTEM32\WINMM.dll
0x00007fff7c470000 - 0x00007fff7c4ce000 	C:\WINDOWS\SYSTEM32\POWRPROF.dll
0x00007fff75f40000 - 0x00007fff75f4b000 	C:\WINDOWS\SYSTEM32\VERSION.dll
0x00007fff7c450000 - 0x00007fff7c464000 	C:\WINDOWS\SYSTEM32\UMPDC.dll
0x00007fff7b580000 - 0x00007fff7b59b000 	C:\WINDOWS\SYSTEM32\kernel.appcore.dll
0x00007fff6d550000 - 0x00007fff6d55a000 	C:\Program Files\Android\Android Studio\jbr\bin\jimage.dll
0x00007fff70240000 - 0x00007fff70482000 	C:\WINDOWS\SYSTEM32\DBGHELP.DLL
0x00007fff7e920000 - 0x00007fff7ec9b000 	C:\WINDOWS\System32\combase.dll
0x00007fff7f370000 - 0x00007fff7f447000 	C:\WINDOWS\System32\OLEAUT32.dll
0x00007fff661a0000 - 0x00007fff661dc000 	C:\WINDOWS\SYSTEM32\dbgcore.DLL
0x00007fff7cfc0000 - 0x00007fff7d058000 	C:\WINDOWS\System32\bcryptPrimitives.dll
0x00007fff6bcf0000 - 0x00007fff6bcfe000 	C:\Program Files\Android\Android Studio\jbr\bin\instrument.dll
0x00007fff543f0000 - 0x00007fff54410000 	C:\Program Files\Android\Android Studio\jbr\bin\java.dll
0x00007fff31c30000 - 0x00007fff31c48000 	C:\Program Files\Android\Android Studio\jbr\bin\zip.dll
0x00007fff7de80000 - 0x00007fff7e5cd000 	C:\WINDOWS\System32\SHELL32.dll
0x00007fff7c7b0000 - 0x00007fff7c91b000 	C:\WINDOWS\System32\wintypes.dll
0x00007fff7a400000 - 0x00007fff7ac5d000 	C:\WINDOWS\SYSTEM32\windows.storage.dll
0x00007fff7f4e0000 - 0x00007fff7f5d2000 	C:\WINDOWS\System32\SHCORE.dll
0x00007fff7f0e0000 - 0x00007fff7f142000 	C:\WINDOWS\System32\shlwapi.dll
0x00007fff7c6d0000 - 0x00007fff7c6f9000 	C:\WINDOWS\SYSTEM32\profapi.dll
0x00007fff6d540000 - 0x00007fff6d550000 	C:\Program Files\Android\Android Studio\jbr\bin\net.dll
0x00007fff76510000 - 0x00007fff7662f000 	C:\WINDOWS\SYSTEM32\WINHTTP.dll
0x00007fff7baf0000 - 0x00007fff7bb5b000 	C:\WINDOWS\system32\mswsock.dll
0x00007fff28be0000 - 0x00007fff28bf6000 	C:\Program Files\Android\Android Studio\jbr\bin\nio.dll
0x00007fff29a60000 - 0x00007fff29a70000 	C:\Program Files\Android\Android Studio\jbr\bin\verify.dll
0x00007fff20f20000 - 0x00007fff20f47000 	C:\Users\siyab\.gradle\native\1def1411415f61bf3af743bc5b6707747c0891f09f0c88961ee8f79bc544acac\windows-amd64\native-platform.dll
0x00007fff15c50000 - 0x00007fff15cc8000 	C:\Users\siyab\.gradle\native\0.2.7\x86_64-windows-gnu\gradle-fileevents.dll
0x00007fff31c20000 - 0x00007fff31c29000 	C:\Program Files\Android\Android Studio\jbr\bin\management.dll
0x00007fff2bdc0000 - 0x00007fff2bdcb000 	C:\Program Files\Android\Android Studio\jbr\bin\management_ext.dll
0x00007fff7f0d0000 - 0x00007fff7f0d8000 	C:\WINDOWS\System32\PSAPI.DLL
0x00007fff7b030000 - 0x00007fff7b064000 	C:\WINDOWS\SYSTEM32\IPHLPAPI.DLL
0x00007fff7f4d0000 - 0x00007fff7f4da000 	C:\WINDOWS\System32\NSI.dll
0x00007fff6be80000 - 0x00007fff6be89000 	C:\Program Files\Android\Android Studio\jbr\bin\extnet.dll
0x00007fff7bda0000 - 0x00007fff7bdbb000 	C:\WINDOWS\SYSTEM32\CRYPTSP.dll
0x00007fff7b4e0000 - 0x00007fff7b51b000 	C:\WINDOWS\system32\rsaenh.dll
0x00007fff7bb90000 - 0x00007fff7bbbb000 	C:\WINDOWS\SYSTEM32\USERENV.dll
0x00007fff7c6a0000 - 0x00007fff7c6c6000 	C:\WINDOWS\SYSTEM32\bcrypt.dll
0x00007fff7bdc0000 - 0x00007fff7bdcc000 	C:\WINDOWS\SYSTEM32\CRYPTBASE.dll
0x00007ffee04d0000 - 0x00007ffee04d8000 	C:\WINDOWS\system32\wshunix.dll

dbghelp: loaded successfully - version: 4.0.5 - missing functions: none
symbol engine: initialized successfully - sym options: 0x614 - pdb path: .;C:\Program Files\Android\Android Studio\jbr\bin;C:\WINDOWS\SYSTEM32;C:\WINDOWS\WinSxS\amd64_microsoft.windows.common-controls_6595b64144ccf1df_6.0.26100.6899_none_3e0efeeae32e88c1;C:\Program Files\Android\Android Studio\jbr\bin\server;C:\Users\siyab\.gradle\native\1def1411415f61bf3af743bc5b6707747c0891f09f0c88961ee8f79bc544acac\windows-amd64;C:\Users\siyab\.gradle\native\0.2.7\x86_64-windows-gnu

VM Arguments:
jvm_args: --add-opens=java.base/java.lang=ALL-UNNAMED --add-opens=java.base/java.lang.invoke=ALL-UNNAMED --add-opens=java.base/java.util=ALL-UNNAMED --add-opens=java.prefs/java.util.prefs=ALL-UNNAMED --add-exports=jdk.compiler/com.sun.tools.javac.api=ALL-UNNAMED --add-exports=jdk.compiler/com.sun.tools.javac.util=ALL-UNNAMED --add-opens=java.base/java.util=ALL-UNNAMED --add-opens=java.prefs/java.util.prefs=ALL-UNNAMED --add-opens=java.base/java.nio.charset=ALL-UNNAMED --add-opens=java.base/java.net=ALL-UNNAMED --add-opens=java.base/java.util.concurrent.atomic=ALL-UNNAMED --add-opens=java.xml/javax.xml.namespace=ALL-UNNAMED -Xmx2048m -Dfile.encoding=UTF-8 -Duser.country=ZA -Duser.language=en -Duser.variant -javaagent:C:\Users\siyab\.gradle\wrapper\dists\gradle-8.13-bin\5xuhj0ry160q40clulazy9h7d\gradle-8.13\lib\agents\gradle-instrumentation-agent-8.13.jar 
java_command: org.gradle.launcher.daemon.bootstrap.GradleDaemon 8.13
java_class_path (initial): C:\Users\siyab\.gradle\wrapper\dists\gradle-8.13-bin\5xuhj0ry160q40clulazy9h7d\gradle-8.13\lib\gradle-daemon-main-8.13.jar
Launcher Type: SUN_STANDARD

[Global flags]
     intx CICompilerCount                          = 12                                        {product} {ergonomic}
     uint ConcGCThreads                            = 3                                         {product} {ergonomic}
     uint G1ConcRefinementThreads                  = 13                                        {product} {ergonomic}
   size_t G1HeapRegionSize                         = 1048576                                   {product} {ergonomic}
    uintx GCDrainStackTargetSize                   = 64                                        {product} {ergonomic}
   size_t InitialHeapSize                          = 123731968                                 {product} {ergonomic}
   size_t MarkStackSize                            = 4194304                                   {product} {ergonomic}
   size_t MaxHeapSize                              = 2147483648                                {product} {command line}
   size_t MaxNewSize                               = 1287651328                                {product} {ergonomic}
   size_t MinHeapDeltaBytes                        = 1048576                                   {product} {ergonomic}
   size_t MinHeapSize                              = 8388608                                   {product} {ergonomic}
    uintx NonNMethodCodeHeapSize                   = 7602480                                {pd product} {ergonomic}
    uintx NonProfiledCodeHeapSize                  = 122027880                              {pd product} {ergonomic}
    uintx ProfiledCodeHeapSize                     = 122027880                              {pd product} {ergonomic}
    uintx ReservedCodeCacheSize                    = 251658240                              {pd product} {ergonomic}
     bool SegmentedCodeCache                       = true                                      {product} {ergonomic}
   size_t SoftMaxHeapSize                          = 2147483648                             {manageable} {ergonomic}
     bool UseCompressedOops                        = true                           {product lp64_product} {ergonomic}
     bool UseG1GC                                  = true                                      {product} {ergonomic}
     bool UseLargePagesIndividualAllocation        = false                                  {pd product} {ergonomic}

Logging:
Log output configuration:
 #0: stdout all=warning uptime,level,tags foldmultilines=false
 #1: stderr all=off uptime,level,tags foldmultilines=false

Environment Variables:
PATH=C:\app\siyab\product\21c\dbhomeXE\bin;C:\Program Files\Common Files\Oracle\Java\javapath;C:\WINDOWS\system32;C:\WINDOWS;C:\WINDOWS\System32\Wbem;C:\WINDOWS\System32\WindowsPowerShell\v1.0\;C:\WINDOWS\System32\OpenSSH\;C:\Program Files\dotnet\;C:\Program Files\Microsoft SQL Server\150\Tools\Binn\;C:\Program Files\Microsoft SQL Server\Client SDK\ODBC\170\Tools\Binn\;C:\Program Files (x86)\Microsoft SQL Server\160\Tools\Binn\;C:\Program Files\Microsoft SQL Server\160\Tools\Binn\;C:\Program Files\Microsoft SQL Server\160\DTS\Binn\;C:\Program Files\Git\cmd;C:\Users\siyab\AppData\Local\Android\Sdk\platform-tools;C:\Users\siyab\AppData\Local\Android\Sdk\emulator;C:\Users\siyab\AppData\Local\Android\Sdk\tools;C:\Users\siyab\AppData\Local\Android\Sdk\tools\bin;C:\Users\siyab\AppData\Local\Microsoft\WindowsApps;C:\Users\siyab\.dotnet\tools;C:\Users\siyab\AppData\Local\Android\Sdk\emulator;C:\Users\siyab\AppData\Local\Android\Sdk\tools;C:\Users\siyab\AppData\Local\Android\Sdk\platform-tools
USERNAME=siyab
OS=Windows_NT
PROCESSOR_IDENTIFIER=AMD64 Family 23 Model 104 Stepping 1, AuthenticAMD
TMP=C:\Users\siyab\AppData\Local\Temp
TEMP=C:\Users\siyab\AppData\Local\Temp




Periodic native trim disabled

JNI global refs:
JNI global refs: 33, weak refs: 0

JNI global refs memory usage: 835, weak refs: 833

Process memory usage:
Resident Set Size: 291932K (3% of 7681888K total physical memory with 738052K free physical memory)

OOME stack traces (most recent first):
Classloader memory used:
Loader org.gradle.internal.classloader.VisitableURLClassLoader                         : 29613K
Loader bootstrap                                                                       : 22485K
Loader org.gradle.initialization.MixInLegacyTypesClassLoader                           : 6634K
Loader jdk.internal.loader.ClassLoaders$PlatformClassLoader                            : 533K
Loader jdk.internal.loader.ClassLoaders$AppClassLoader                                 : 235K
Loader org.gradle.groovy.scripts.internal.DefaultScriptCompilationHandler$ScriptClassLoader: 101568B
Loader org.gradle.internal.classloader.VisitableURLClassLoader                         : 19136B
Loader org.gradle.internal.classloader.VisitableURLClassLoader$InstrumentingVisitableURLClassLoader: 16208B
Loader jdk.internal.reflect.DelegatingClassLoader                                      : 10560B
Loader org.codehaus.groovy.runtime.callsite.CallSiteClassLoader                        : 10112B

Classes loaded by more than one classloader:
Class org.gradle.internal.classloader.FilteringClassLoader                            : loaded 2 times (x 103B)
Class org.gradle.internal.classloader.ClassLoaderHierarchy                            : loaded 2 times (x 68B)
Class org.gradle.api.internal.classpath.ManifestUtil                                  : loaded 2 times (x 69B)
Class org.gradle.internal.classloader.DefaultClassLoaderFactory                       : loaded 2 times (x 80B)
Class org.gradle.internal.classloader.ClassLoaderVisitor                              : loaded 2 times (x 74B)
Class org.gradle.api.internal.classpath.EffectiveClassPath                            : loaded 2 times (x 88B)
Class org.gradle.api.internal.DefaultClassPathProvider                                : loaded 2 times (x 74B)
Class [Lorg.gradle.api.internal.ClassPathProvider;                                    : loaded 2 times (x 67B)
Class org.gradle.api.internal.ClassPathProvider                                       : loaded 2 times (x 68B)
Class org.gradle.internal.service.UnknownServiceException                             : loaded 2 times (x 81B)
Class org.gradle.internal.classpath.TransformedClassPath                              : loaded 2 times (x 94B)
Class org.gradle.internal.classloader.InstrumentingClassLoader                        : loaded 2 times (x 68B)
Class org.gradle.internal.service.ServiceLocator                                      : loaded 2 times (x 68B)
Class ijKotlinCoroutineJvmDebugInit1_7ykcm3664opee8gwnzv35v0jx                        : loaded 2 times (x 177B)
Class org.gradle.internal.InternalTransformer                                         : loaded 2 times (x 68B)
Class org.gradle.internal.classloader.ClasspathUtil$1                                 : loaded 2 times (x 74B)
Class org.gradle.api.internal.classpath.DefaultModuleRegistry$DefaultModule           : loaded 2 times (x 84B)
Class ijJvmDebugger1_2wyshwjiuo6jx7401ewheag8w                                        : loaded 2 times (x 177B)
Class org.gradle.api.internal.classpath.Module                                        : loaded 2 times (x 68B)
Class org.gradle.api.internal.classpath.UnknownModuleException                        : loaded 2 times (x 80B)
Class org.gradle.api.internal.DefaultClassPathRegistry                                : loaded 2 times (x 74B)
Class org.gradle.api.internal.ClassPathRegistry                                       : loaded 2 times (x 68B)
Class org.gradle.internal.classpath.DefaultClassPath$ImmutableUniqueList              : loaded 2 times (x 197B)
Class org.gradle.internal.classpath.ClassPath                                         : loaded 2 times (x 68B)
Class org.gradle.api.UncheckedIOException                                             : loaded 2 times (x 80B)
Class org.gradle.internal.installation.GradleInstallation$1                           : loaded 2 times (x 73B)
Class org.gradle.api.internal.classpath.ModuleRegistry                                : loaded 2 times (x 68B)
Class org.gradle.api.internal.classpath.DefaultModuleRegistry                         : loaded 2 times (x 84B)
Class ijKotlinCoroutineJvmDebugInit1_7ykcm3664opee8gwnzv35v0jx$_run_closure1          : loaded 2 times (x 137B)
Class org.gradle.internal.service.ServiceLookupException                              : loaded 2 times (x 80B)
Class org.gradle.internal.classloader.ClassLoaderFactory                              : loaded 2 times (x 68B)
Class org.gradle.internal.service.CachingServiceLocator                               : loaded 2 times (x 80B)
Class org.gradle.internal.classloader.ClasspathUtil                                   : loaded 2 times (x 69B)
Class ijJvmDebugger1_2wyshwjiuo6jx7401ewheag8w$_run_closure1                          : loaded 2 times (x 137B)
Class org.gradle.api.specs.Spec                                                       : loaded 2 times (x 68B)
Class org.gradle.internal.classloader.VisitableURLClassLoader$InstrumentingVisitableURLClassLoader: loaded 2 times (x 121B)
Class org.gradle.internal.classloader.VisitableURLClassLoader$Spec                    : loaded 2 times (x 72B)
Class org.gradle.internal.classpath.DefaultClassPath                                  : loaded 2 times (x 88B)
Class org.gradle.internal.classloader.ClassLoaderSpec                                 : loaded 2 times (x 69B)
Class org.gradle.internal.classloader.VisitableURLClassLoader                         : loaded 2 times (x 115B)
Class org.gradle.internal.Cast                                                        : loaded 2 times (x 69B)
Class org.gradle.api.Action                                                           : loaded 2 times (x 68B)
Class org.gradle.internal.classpath.DefaultClassPath$ImmutableUniqueList$Builder      : loaded 2 times (x 73B)
Class org.gradle.api.GradleException                                                  : loaded 2 times (x 80B)
Class org.gradle.internal.IoActions                                                   : loaded 2 times (x 69B)
Class org.gradle.internal.classloader.SystemClassLoaderSpec                           : loaded 2 times (x 69B)
Class org.gradle.api.internal.classpath.GlobalCacheRootsProvider                      : loaded 2 times (x 68B)
Class org.gradle.internal.installation.CurrentGradleInstallationLocator               : loaded 2 times (x 69B)
Class org.gradle.internal.service.DefaultServiceLocator                               : loaded 2 times (x 81B)
Class org.gradle.internal.installation.CurrentGradleInstallation                      : loaded 2 times (x 71B)
Class org.gradle.util.internal.GUtil                                                  : loaded 2 times (x 69B)
Class org.gradle.internal.installation.GradleInstallation                             : loaded 2 times (x 73B)

---------------  S Y S T E M  ---------------

OS:
 Windows 11 , 64 bit Build 26100 (10.0.26100.6725)
OS uptime: 1 days 17:55 hours
Hyper-V role detected

CPU: total 16 (initial active 16) (16 cores per cpu, 2 threads per core) family 23 model 104 stepping 1 microcode 0x8608104, cx8, cmov, fxsr, ht, mmx, 3dnowpref, sse, sse2, sse3, ssse3, sse4a, sse4.1, sse4.2, popcnt, lzcnt, tsc, tscinvbit, avx, avx2, aes, clmul, bmi1, bmi2, adx, sha, fma, vzeroupper, clflush, clflushopt, hv, rdtscp, rdpid, f16c
Processor Information for the first 16 processors :
  Max Mhz: 1801, Current Mhz: 1801, Mhz Limit: 1801

Memory: 4k page, system-wide physical 7501M (718M free)
TotalPageFile size 19131M (AvailPageFile size 6M)
current process WorkingSet (physical memory assigned to process): 285M, peak: 285M
current process commit charge ("private bytes"): 331M, peak: 333M

vm_info: OpenJDK 64-Bit Server VM (21.0.7+-13880790-b1038.58) for windows-amd64 JRE (21.0.7+-13880790-b1038.58), built on 2025-08-04T20:56:21Z by "builder" with MS VC++ 16.10 / 16.11 (VS2019)

END.
